<?xml version="1.0" encoding="UTF-8"?>
<!-- Generated by org.testng.reporters.JUnitReportReporter -->
<testsuite skipped="51" hostname="VivideMacBook-Pro.local" name="com.eisoo.anysharetest.FullFuction" tests="57" failures="1" timestamp="20 Apr 2018 05:48:21 GMT" time="175.615" errors="2">
  <testcase name="c_renameFile" time="6.310" classname="com.eisoo.anysharetest.FullFuction">
    <skipped/>
  </testcase> <!-- c_renameFile -->
  <testcase name="a_uploadFile" time="38.017" classname="com.eisoo.anysharetest.FullFuction"/>
  <testcase name="f_delcommt" time="6.698" classname="com.eisoo.anysharetest.FullFuction">
    <skipped/>
  </testcase> <!-- f_delcommt -->
  <testcase name="e_moveFile" time="3.247" classname="com.eisoo.anysharetest.FullFuction">
    <skipped/>
  </testcase> <!-- e_moveFile -->
  <testcase name="d_openFile" time="4.756" classname="com.eisoo.anysharetest.FullFuction">
    <skipped/>
  </testcase> <!-- d_openFile -->
  <testcase name="a_uploadNoWifi" time="0.000" classname="com.eisoo.anysharetest.FullFuction">
    <skipped/>
  </testcase> <!-- a_uploadNoWifi -->
  <testcase name="h2_modifyTest" time="0.000" classname="com.eisoo.anysharetest.FullFuction">
    <skipped/>
  </testcase> <!-- h2_modifyTest -->
  <testcase name="afterMethod" time="0.010" classname="com.eisoo.anysharetest.FullFuction">
    <error type="org.openqa.selenium.remote.SessionNotFoundException" message="A session is either terminated or not started (WARNING: The server did not provide any stacktrace information)
Command duration or timeout: 9 milliseconds
Build info: version: &#039;2.53.0&#039;, revision: &#039;35ae25b1534ae328c771e0856c93e187490ca824&#039;, time: &#039;2016-03-15 10:43:46&#039;
System info: host: &#039;VivideMacBook-Pro.local&#039;, ip: &#039;192.168.2.30&#039;, os.name: &#039;Mac OS X&#039;, os.arch: &#039;x86_64&#039;, os.version: &#039;10.13.2&#039;, java.version: &#039;1.8.0_40&#039;
Driver info: io.appium.java_client.android.AndroidDriver
Capabilities [{appPackage=com.eisoo.anyshare, deviceScreenSize=1080x1920, networkConnectionEnabled=true, noSign=true, warnings={}, databaseEnabled=false, deviceName=PBV0216526000628, platform=LINUX, MobileCapabilityType.AUTOMATION_NAME=Appium, deviceUDID=PBV0216526000628, appActivity=.AppStartActivity, desired={appPackage=com.eisoo.anyshare, appActivity=.AppStartActivity, noSign=true, platformVersion=7.0, unicodeKeyboard=true, sessionOverride=true, platformName=Android, deviceName=testyy, resetKeyboard=true, MobileCapabilityType.AUTOMATION_NAME=Appium}, platformVersion=7.0, webStorageEnabled=false, locationContextEnabled=false, takesScreenshot=true, javascriptEnabled=true, deviceModel=EVA-AL00, unicodeKeyboard=true, sessionOverride=true, platformName=Android, deviceManufacturer=HUAWEI, resetKeyboard=true}]
Session ID: 29b9ace4-6653-4ff3-a2e2-d0e7480a499b">
      <![CDATA[org.openqa.selenium.remote.SessionNotFoundException: A session is either terminated or not started (WARNING: The server did not provide any stacktrace information)
Command duration or timeout: 9 milliseconds
Build info: version: '2.53.0', revision: '35ae25b1534ae328c771e0856c93e187490ca824', time: '2016-03-15 10:43:46'
System info: host: 'VivideMacBook-Pro.local', ip: '192.168.2.30', os.name: 'Mac OS X', os.arch: 'x86_64', os.version: '10.13.2', java.version: '1.8.0_40'
Driver info: io.appium.java_client.android.AndroidDriver
Capabilities [{appPackage=com.eisoo.anyshare, deviceScreenSize=1080x1920, networkConnectionEnabled=true, noSign=true, warnings={}, databaseEnabled=false, deviceName=PBV0216526000628, platform=LINUX, MobileCapabilityType.AUTOMATION_NAME=Appium, deviceUDID=PBV0216526000628, appActivity=.AppStartActivity, desired={appPackage=com.eisoo.anyshare, appActivity=.AppStartActivity, noSign=true, platformVersion=7.0, unicodeKeyboard=true, sessionOverride=true, platformName=Android, deviceName=testyy, resetKeyboard=true, MobileCapabilityType.AUTOMATION_NAME=Appium}, platformVersion=7.0, webStorageEnabled=false, locationContextEnabled=false, takesScreenshot=true, javascriptEnabled=true, deviceModel=EVA-AL00, unicodeKeyboard=true, sessionOverride=true, platformName=Android, deviceManufacturer=HUAWEI, resetKeyboard=true}]
Session ID: 29b9ace4-6653-4ff3-a2e2-d0e7480a499b
	at sun.reflect.NativeConstructorAccessorImpl.newInstance0(Native Method)
	at sun.reflect.NativeConstructorAccessorImpl.newInstance(NativeConstructorAccessorImpl.java:62)
	at sun.reflect.DelegatingConstructorAccessorImpl.newInstance(DelegatingConstructorAccessorImpl.java:45)
	at java.lang.reflect.Constructor.newInstance(Constructor.java:422)
	at org.openqa.selenium.remote.ErrorHandler.createThrowable(ErrorHandler.java:206)
	at org.openqa.selenium.remote.ErrorHandler.throwIfResponseFailed(ErrorHandler.java:158)
	at org.openqa.selenium.remote.RemoteWebDriver.execute(RemoteWebDriver.java:678)
	at io.appium.java_client.DefaultGenericMobileDriver.execute(DefaultGenericMobileDriver.java:42)
	at io.appium.java_client.AppiumDriver.execute(AppiumDriver.java:1)
	at io.appium.java_client.android.AndroidDriver.execute(AndroidDriver.java:1)
	at io.appium.java_client.android.AndroidDriver.pressKeyCode(AndroidDriver.java:144)
	at com.eisoo.anysharetest.BaseTest.killAS(BaseTest.java:86)
	at com.eisoo.anysharetest.FullFuction.afterMethod(FullFuction.java:44)
	at sun.reflect.NativeMethodAccessorImpl.invoke0(Native Method)
	at sun.reflect.NativeMethodAccessorImpl.invoke(NativeMethodAccessorImpl.java:62)
	at sun.reflect.DelegatingMethodAccessorImpl.invoke(DelegatingMethodAccessorImpl.java:43)
	at java.lang.reflect.Method.invoke(Method.java:497)
	at org.testng.internal.MethodInvocationHelper.invokeMethod(MethodInvocationHelper.java:108)
	at org.testng.internal.Invoker.invokeConfigurationMethod(Invoker.java:523)
	at org.testng.internal.Invoker.invokeConfigurations(Invoker.java:224)
	at org.testng.internal.Invoker.invokeMethod(Invoker.java:731)
	at org.testng.internal.Invoker.invokeTestMethod(Invoker.java:877)
	at org.testng.internal.Invoker.invokeTestMethods(Invoker.java:1201)
	at org.testng.internal.TestMethodWorker.invokeTestMethods(TestMethodWorker.java:125)
	at org.testng.internal.TestMethodWorker.run(TestMethodWorker.java:109)
	at org.testng.TestRunner.privateRun(TestRunner.java:776)
	at org.testng.TestRunner.run(TestRunner.java:634)
	at org.testng.SuiteRunner.runTest(SuiteRunner.java:425)
	at org.testng.SuiteRunner.runSequentially(SuiteRunner.java:420)
	at org.testng.SuiteRunner.privateRun(SuiteRunner.java:385)
	at org.testng.SuiteRunner.run(SuiteRunner.java:334)
	at org.testng.SuiteRunnerWorker.runSuite(SuiteRunnerWorker.java:52)
	at org.testng.SuiteRunnerWorker.run(SuiteRunnerWorker.java:86)
	at org.testng.TestNG.runSuitesSequentially(TestNG.java:1318)
	at org.testng.TestNG.runSuitesLocally(TestNG.java:1243)
	at org.testng.TestNG.runSuites(TestNG.java:1161)
	at org.testng.TestNG.run(TestNG.java:1129)
	at org.testng.remote.AbstractRemoteTestNG.run(AbstractRemoteTestNG.java:114)
	at org.testng.remote.RemoteTestNG.initAndRun(RemoteTestNG.java:251)
	at org.testng.remote.RemoteTestNG.main(RemoteTestNG.java:77)
]]>
    </error>
  </testcase> <!-- afterMethod -->
  <testcase name="b_downldAllFile" time="0.000" classname="com.eisoo.anysharetest.FullFuction">
    <skipped/>
  </testcase> <!-- b_downldAllFile -->
  <testcase name="c_delFile" time="0.001" classname="com.eisoo.anysharetest.FullFuction">
    <skipped/>
  </testcase> <!-- c_delFile -->
  <testcase name="h1_setOnTest" time="0.000" classname="com.eisoo.anysharetest.FullFuction">
    <skipped/>
  </testcase> <!-- h1_setOnTest -->
  <testcase name="h3_setOffTest" time="0.000" classname="com.eisoo.anysharetest.FullFuction">
    <skipped/>
  </testcase> <!-- h3_setOffTest -->
  <testcase name="i_setbCh" time="0.000" classname="com.eisoo.anysharetest.FullFuction">
    <skipped/>
  </testcase> <!-- i_setbCh -->
  <testcase name="d_openAudio" time="0.000" classname="com.eisoo.anysharetest.FullFuction">
    <skipped/>
  </testcase> <!-- d_openAudio -->
  <testcase name="e_moveAllFiles" time="0.000" classname="com.eisoo.anysharetest.FullFuction">
    <skipped/>
  </testcase> <!-- e_moveAllFiles -->
  <testcase name="i_setcChHome" time="0.000" classname="com.eisoo.anysharetest.FullFuction">
    <skipped/>
  </testcase> <!-- i_setcChHome -->
  <testcase name="a_uploadPics" time="0.000" classname="com.eisoo.anysharetest.FullFuction">
    <skipped/>
  </testcase> <!-- a_uploadPics -->
  <testcase name="e_copyFileSingle" time="0.000" classname="com.eisoo.anysharetest.FullFuction">
    <skipped/>
  </testcase> <!-- e_copyFileSingle -->
  <testcase name="a_uploadAllVideo" time="34.533" classname="com.eisoo.anysharetest.FullFuction"/>
  <testcase name="c_asearchInlink" time="0.000" classname="com.eisoo.anysharetest.FullFuction">
    <skipped/>
  </testcase> <!-- c_asearchInlink -->
  <testcase name="f_replycommt" time="0.000" classname="com.eisoo.anysharetest.FullFuction">
    <skipped/>
  </testcase> <!-- f_replycommt -->
  <testcase name="i_setaTraditional" time="0.000" classname="com.eisoo.anysharetest.FullFuction">
    <skipped/>
  </testcase> <!-- i_setaTraditional -->
  <testcase name="a_uploadVideo" time="0.000" classname="com.eisoo.anysharetest.FullFuction">
    <skipped/>
  </testcase> <!-- a_uploadVideo -->
  <testcase name="d_openVideo" time="0.000" classname="com.eisoo.anysharetest.FullFuction">
    <skipped/>
  </testcase> <!-- d_openVideo -->
  <testcase name="a_uploadWaitWifi" time="0.000" classname="com.eisoo.anysharetest.FullFuction">
    <skipped/>
  </testcase> <!-- a_uploadWaitWifi -->
  <testcase name="g_markAnyFile" time="0.000" classname="com.eisoo.anysharetest.FullFuction">
    <skipped/>
  </testcase> <!-- g_markAnyFile -->
  <testcase name="d_openPic" time="0.000" classname="com.eisoo.anysharetest.FullFuction">
    <skipped/>
  </testcase> <!-- d_openPic -->
  <testcase name="c_delFiles" time="0.000" classname="com.eisoo.anysharetest.FullFuction">
    <skipped/>
  </testcase> <!-- c_delFiles -->
  <testcase name="z_loginDomainTest" time="0.000" classname="com.eisoo.anysharetest.FullFuction">
    <skipped/>
  </testcase> <!-- z_loginDomainTest -->
  <testcase name="i_setaEn" time="0.000" classname="com.eisoo.anysharetest.FullFuction">
    <skipped/>
  </testcase> <!-- i_setaEn -->
  <testcase name="a_uploadAudio" time="30.701" classname="com.eisoo.anysharetest.FullFuction"/>
  <testcase name="b2_downldNoPermisison" time="0.000" classname="com.eisoo.anysharetest.FullFuction">
    <skipped/>
  </testcase> <!-- b2_downldNoPermisison -->
  <testcase name="a_uploadContinueVideo" time="34.450" classname="com.eisoo.anysharetest.FullFuction">
    <failure type="java.lang.AssertionError" message="未暂停 expected [true] but found [false]">
      <![CDATA[java.lang.AssertionError: 未暂停 expected [true] but found [false]
	at org.testng.Assert.fail(Assert.java:93)
	at org.testng.Assert.failNotEquals(Assert.java:512)
	at org.testng.Assert.assertTrue(Assert.java:41)
	at com.eisoo.anysharetest.FullFuction.a_uploadContinueVideo(FullFuction.java:142)
	at sun.reflect.NativeMethodAccessorImpl.invoke0(Native Method)
	at sun.reflect.NativeMethodAccessorImpl.invoke(NativeMethodAccessorImpl.java:62)
	at sun.reflect.DelegatingMethodAccessorImpl.invoke(DelegatingMethodAccessorImpl.java:43)
	at java.lang.reflect.Method.invoke(Method.java:497)
	at org.testng.internal.MethodInvocationHelper.invokeMethod(MethodInvocationHelper.java:108)
	at org.testng.internal.Invoker.invokeMethod(Invoker.java:669)
	at org.testng.internal.Invoker.invokeTestMethod(Invoker.java:877)
	at org.testng.internal.Invoker.invokeTestMethods(Invoker.java:1201)
	at org.testng.internal.TestMethodWorker.invokeTestMethods(TestMethodWorker.java:125)
	at org.testng.internal.TestMethodWorker.run(TestMethodWorker.java:109)
	at org.testng.TestRunner.privateRun(TestRunner.java:776)
	at org.testng.TestRunner.run(TestRunner.java:634)
	at org.testng.SuiteRunner.runTest(SuiteRunner.java:425)
	at org.testng.SuiteRunner.runSequentially(SuiteRunner.java:420)
	at org.testng.SuiteRunner.privateRun(SuiteRunner.java:385)
	at org.testng.SuiteRunner.run(SuiteRunner.java:334)
	at org.testng.SuiteRunnerWorker.runSuite(SuiteRunnerWorker.java:52)
	at org.testng.SuiteRunnerWorker.run(SuiteRunnerWorker.java:86)
	at org.testng.TestNG.runSuitesSequentially(TestNG.java:1318)
	at org.testng.TestNG.runSuitesLocally(TestNG.java:1243)
	at org.testng.TestNG.runSuites(TestNG.java:1161)
	at org.testng.TestNG.run(TestNG.java:1129)
	at org.testng.remote.AbstractRemoteTestNG.run(AbstractRemoteTestNG.java:114)
	at org.testng.remote.RemoteTestNG.initAndRun(RemoteTestNG.java:251)
	at org.testng.remote.RemoteTestNG.main(RemoteTestNG.java:77)
]]>
    </failure>
  </testcase> <!-- a_uploadContinueVideo -->
  <testcase name="i_setbTraditionalHome" time="0.000" classname="com.eisoo.anysharetest.FullFuction">
    <skipped/>
  </testcase> <!-- i_setbTraditionalHome -->
  <testcase name="b_downldManyFile" time="0.000" classname="com.eisoo.anysharetest.FullFuction">
    <skipped/>
  </testcase> <!-- b_downldManyFile -->
  <testcase name="f_addcomm_inlimit" time="0.000" classname="com.eisoo.anysharetest.FullFuction">
    <skipped/>
  </testcase> <!-- f_addcomm_inlimit -->
  <testcase name="a_uploadNoPermission" time="0.000" classname="com.eisoo.anysharetest.FullFuction">
    <skipped/>
  </testcase> <!-- a_uploadNoPermission -->
  <testcase name="e_moveFileSingle" time="0.000" classname="com.eisoo.anysharetest.FullFuction">
    <skipped/>
  </testcase> <!-- e_moveFileSingle -->
  <testcase name="f_addcomm_diffChar" time="0.000" classname="com.eisoo.anysharetest.FullFuction">
    <skipped/>
  </testcase> <!-- f_addcomm_diffChar -->
  <testcase name="a_uploadTakePhoto" time="0.000" classname="com.eisoo.anysharetest.FullFuction">
    <skipped/>
  </testcase> <!-- a_uploadTakePhoto -->
  <testcase name="e_copyFiles" time="0.000" classname="com.eisoo.anysharetest.FullFuction">
    <skipped/>
  </testcase> <!-- e_copyFiles -->
  <testcase name="f_addcomm_overlimit" time="0.000" classname="com.eisoo.anysharetest.FullFuction">
    <skipped/>
  </testcase> <!-- f_addcomm_overlimit -->
  <testcase name="c_searchExlink" time="0.000" classname="com.eisoo.anysharetest.FullFuction">
    <skipped/>
  </testcase> <!-- c_searchExlink -->
  <testcase name="b2_downldWaitWfi" time="0.000" classname="com.eisoo.anysharetest.FullFuction">
    <skipped/>
  </testcase> <!-- b2_downldWaitWfi -->
  <testcase name="c_searchAlldir" time="0.000" classname="com.eisoo.anysharetest.FullFuction">
    <skipped/>
  </testcase> <!-- c_searchAlldir -->
  <testcase name="e_copyAllFiles" time="0.001" classname="com.eisoo.anysharetest.FullFuction">
    <skipped/>
  </testcase> <!-- e_copyAllFiles -->
  <testcase name="h2_unlockTest" time="0.000" classname="com.eisoo.anysharetest.FullFuction">
    <skipped/>
  </testcase> <!-- h2_unlockTest -->
  <testcase name="a_uploadMulVideo" time="16.891" classname="com.eisoo.anysharetest.FullFuction">
    <error type="org.openqa.selenium.WebDriverException" message="An unknown server-side error occurred while processing the command. Original error: UiAUtomator shut down unexpectedly (WARNING: The server did not provide any stacktrace information)
Command duration or timeout: 261 milliseconds
Build info: version: &#039;2.53.0&#039;, revision: &#039;35ae25b1534ae328c771e0856c93e187490ca824&#039;, time: &#039;2016-03-15 10:43:46&#039;
System info: host: &#039;VivideMacBook-Pro.local&#039;, ip: &#039;192.168.2.30&#039;, os.name: &#039;Mac OS X&#039;, os.arch: &#039;x86_64&#039;, os.version: &#039;10.13.2&#039;, java.version: &#039;1.8.0_40&#039;
Driver info: io.appium.java_client.android.AndroidDriver
Capabilities [{appPackage=com.eisoo.anyshare, deviceScreenSize=1080x1920, networkConnectionEnabled=true, noSign=true, warnings={}, databaseEnabled=false, deviceName=PBV0216526000628, platform=LINUX, MobileCapabilityType.AUTOMATION_NAME=Appium, deviceUDID=PBV0216526000628, appActivity=.AppStartActivity, desired={appPackage=com.eisoo.anyshare, appActivity=.AppStartActivity, noSign=true, platformVersion=7.0, unicodeKeyboard=true, sessionOverride=true, platformName=Android, deviceName=testyy, resetKeyboard=true, MobileCapabilityType.AUTOMATION_NAME=Appium}, platformVersion=7.0, webStorageEnabled=false, locationContextEnabled=false, takesScreenshot=true, javascriptEnabled=true, deviceModel=EVA-AL00, unicodeKeyboard=true, sessionOverride=true, platformName=Android, deviceManufacturer=HUAWEI, resetKeyboard=true}]
Session ID: 29b9ace4-6653-4ff3-a2e2-d0e7480a499b">
      <![CDATA[org.openqa.selenium.WebDriverException: An unknown server-side error occurred while processing the command. Original error: UiAUtomator shut down unexpectedly (WARNING: The server did not provide any stacktrace information)
Command duration or timeout: 261 milliseconds
Build info: version: '2.53.0', revision: '35ae25b1534ae328c771e0856c93e187490ca824', time: '2016-03-15 10:43:46'
System info: host: 'VivideMacBook-Pro.local', ip: '192.168.2.30', os.name: 'Mac OS X', os.arch: 'x86_64', os.version: '10.13.2', java.version: '1.8.0_40'
Driver info: io.appium.java_client.android.AndroidDriver
Capabilities [{appPackage=com.eisoo.anyshare, deviceScreenSize=1080x1920, networkConnectionEnabled=true, noSign=true, warnings={}, databaseEnabled=false, deviceName=PBV0216526000628, platform=LINUX, MobileCapabilityType.AUTOMATION_NAME=Appium, deviceUDID=PBV0216526000628, appActivity=.AppStartActivity, desired={appPackage=com.eisoo.anyshare, appActivity=.AppStartActivity, noSign=true, platformVersion=7.0, unicodeKeyboard=true, sessionOverride=true, platformName=Android, deviceName=testyy, resetKeyboard=true, MobileCapabilityType.AUTOMATION_NAME=Appium}, platformVersion=7.0, webStorageEnabled=false, locationContextEnabled=false, takesScreenshot=true, javascriptEnabled=true, deviceModel=EVA-AL00, unicodeKeyboard=true, sessionOverride=true, platformName=Android, deviceManufacturer=HUAWEI, resetKeyboard=true}]
Session ID: 29b9ace4-6653-4ff3-a2e2-d0e7480a499b
	at sun.reflect.NativeConstructorAccessorImpl.newInstance0(Native Method)
	at sun.reflect.NativeConstructorAccessorImpl.newInstance(NativeConstructorAccessorImpl.java:62)
	at sun.reflect.DelegatingConstructorAccessorImpl.newInstance(DelegatingConstructorAccessorImpl.java:45)
	at java.lang.reflect.Constructor.newInstance(Constructor.java:422)
	at org.openqa.selenium.remote.ErrorHandler.createThrowable(ErrorHandler.java:206)
	at org.openqa.selenium.remote.ErrorHandler.throwIfResponseFailed(ErrorHandler.java:158)
	at org.openqa.selenium.remote.RemoteWebDriver.execute(RemoteWebDriver.java:678)
	at io.appium.java_client.DefaultGenericMobileDriver.execute(DefaultGenericMobileDriver.java:42)
	at io.appium.java_client.AppiumDriver.execute(AppiumDriver.java:1)
	at io.appium.java_client.android.AndroidDriver.execute(AndroidDriver.java:1)
	at org.openqa.selenium.remote.RemoteWebElement.execute(RemoteWebElement.java:327)
	at io.appium.java_client.DefaultGenericMobileElement.execute(DefaultGenericMobileElement.java:44)
	at io.appium.java_client.MobileElement.execute(MobileElement.java:1)
	at io.appium.java_client.android.AndroidElement.execute(AndroidElement.java:1)
	at org.openqa.selenium.remote.RemoteWebElement.click(RemoteWebElement.java:85)
	at com.eisoo.anysharetest.BaseTest.clickName(BaseTest.java:70)
	at com.eisoo.anysharetest.Functions.upload(Functions.java:41)
	at com.eisoo.anysharetest.FullFuction.a_uploadMulVideo(FullFuction.java:117)
	at sun.reflect.NativeMethodAccessorImpl.invoke0(Native Method)
	at sun.reflect.NativeMethodAccessorImpl.invoke(NativeMethodAccessorImpl.java:62)
	at sun.reflect.DelegatingMethodAccessorImpl.invoke(DelegatingMethodAccessorImpl.java:43)
	at java.lang.reflect.Method.invoke(Method.java:497)
	at org.testng.internal.MethodInvocationHelper.invokeMethod(MethodInvocationHelper.java:108)
	at org.testng.internal.Invoker.invokeMethod(Invoker.java:669)
	at org.testng.internal.Invoker.invokeTestMethod(Invoker.java:877)
	at org.testng.internal.Invoker.invokeTestMethods(Invoker.java:1201)
	at org.testng.internal.TestMethodWorker.invokeTestMethods(TestMethodWorker.java:125)
	at org.testng.internal.TestMethodWorker.run(TestMethodWorker.java:109)
	at org.testng.TestRunner.privateRun(TestRunner.java:776)
	at org.testng.TestRunner.run(TestRunner.java:634)
	at org.testng.SuiteRunner.runTest(SuiteRunner.java:425)
	at org.testng.SuiteRunner.runSequentially(SuiteRunner.java:420)
	at org.testng.SuiteRunner.privateRun(SuiteRunner.java:385)
	at org.testng.SuiteRunner.run(SuiteRunner.java:334)
	at org.testng.SuiteRunnerWorker.runSuite(SuiteRunnerWorker.java:52)
	at org.testng.SuiteRunnerWorker.run(SuiteRunnerWorker.java:86)
	at org.testng.TestNG.runSuitesSequentially(TestNG.java:1318)
	at org.testng.TestNG.runSuitesLocally(TestNG.java:1243)
	at org.testng.TestNG.runSuites(TestNG.java:1161)
	at org.testng.TestNG.run(TestNG.java:1129)
	at org.testng.remote.AbstractRemoteTestNG.run(AbstractRemoteTestNG.java:114)
	at org.testng.remote.RemoteTestNG.initAndRun(RemoteTestNG.java:251)
	at org.testng.remote.RemoteTestNG.main(RemoteTestNG.java:77)
]]>
    </error>
  </testcase> <!-- a_uploadMulVideo -->
  <testcase name="g_unmarkAnyFile" time="0.000" classname="com.eisoo.anysharetest.FullFuction">
    <skipped/>
  </testcase> <!-- g_unmarkAnyFile -->
  <testcase name="c_searchKws" time="0.000" classname="com.eisoo.anysharetest.FullFuction">
    <skipped/>
  </testcase> <!-- c_searchKws -->
  <testcase name="i_setbEnHome" time="0.000" classname="com.eisoo.anysharetest.FullFuction">
    <skipped/>
  </testcase> <!-- i_setbEnHome -->
  <testcase name="e_moveFiles" time="0.000" classname="com.eisoo.anysharetest.FullFuction">
    <skipped/>
  </testcase> <!-- e_moveFiles -->
  <testcase name="b_downldMultiFile" time="0.000" classname="com.eisoo.anysharetest.FullFuction">
    <skipped/>
  </testcase> <!-- b_downldMultiFile -->
  <testcase name="b_downldAFile" time="0.000" classname="com.eisoo.anysharetest.FullFuction">
    <skipped/>
  </testcase> <!-- b_downldAFile -->
  <testcase name="e_copyFile" time="0.000" classname="com.eisoo.anysharetest.FullFuction">
    <skipped/>
  </testcase> <!-- e_copyFile -->
  <testcase name="a_uploadPauseVideo" time="0.000" classname="com.eisoo.anysharetest.FullFuction">
    <skipped/>
  </testcase> <!-- a_uploadPauseVideo -->
  <testcase name="b1_downldNoWifi" time="0.000" classname="com.eisoo.anysharetest.FullFuction">
    <skipped/>
  </testcase> <!-- b1_downldNoWifi -->
</testsuite> <!-- com.eisoo.anysharetest.FullFuction -->
